C:\Program Files (x86)\Microsoft Visual Studio\2017\Community\Common7\IDE\VC\VCTargets\Microsoft.CppBuild.targets(391,5): warning MSB8028: The intermediate directory (Debug\) contains files shared from another project (3D_World.vcxproj, FirstExample.vcxproj).  This can lead to incorrect clean and rebuild behavior.
  image_DXT.c
  image_helper.c
c:\users\emaude\documents\gam531\lab_7_solution\soil\src\image_helper.c(325): warning C4244: 'initializing': conversion from 'double' to 'float', possible loss of data
c:\users\emaude\documents\gam531\lab_7_solution\soil\src\image_helper.c(366): warning C4244: '=': conversion from 'double' to 'float', possible loss of data
c:\users\emaude\documents\gam531\lab_7_solution\soil\src\image_helper.c(373): warning C4244: '=': conversion from 'float' to 'int', possible loss of data
c:\users\emaude\documents\gam531\lab_7_solution\soil\src\image_helper.c(415): warning C4244: '=': conversion from 'double' to 'float', possible loss of data
c:\users\emaude\documents\gam531\lab_7_solution\soil\src\image_helper.c(422): warning C4244: '=': conversion from 'float' to 'int', possible loss of data
  SOIL.c
c:\users\emaude\documents\gam531\lab_7_solution\soil\src\soil.c(1719): warning C4018: '<=': signed/unsigned mismatch
c:\users\emaude\documents\gam531\lab_7_solution\soil\src\soil.c(1729): warning C4018: '<': signed/unsigned mismatch
  stb_image_aug.c
c:\users\emaude\documents\gam531\lab_7_solution\soil\src\stbi_dds_aug_c.h(362): warning C4018: '>': signed/unsigned mismatch
c:\users\emaude\documents\gam531\lab_7_solution\soil\src\stbi_dds_aug_c.h(366): warning C4018: '>': signed/unsigned mismatch
c:\users\emaude\documents\gam531\lab_7_solution\soil\src\stbi_dds_aug_c.h(390): warning C4018: '<': signed/unsigned mismatch
c:\users\emaude\documents\gam531\lab_7_solution\soil\src\stbi_dds_aug_c.h(427): warning C4018: '<': signed/unsigned mismatch
  Generating Code...
  LoadShaders.cpp
  Solution.cpp
c:\users\emaude\documents\gam531\lab_7_solution\firstexample\solution.cpp(93): warning C4305: 'argument': truncation from 'double' to 'float'
  readObj.cpp
  Generating Code...
Debug\LoadShaders.obj : warning LNK4042: object specified more than once; extras ignored
MSVCRTD.lib(initializers.obj) : warning LNK4098: defaultlib 'libcmtd.lib' conflicts with use of other libs; use /NODEFAULTLIB:library
glew_static_vs2010_d.lib(glew.obj) : warning LNK4099: PDB 'vc100.pdb' was not found with 'glew_static_vs2010_d.lib(glew.obj)' or at 'C:\Users\Emaude\Documents\GAM531\Lab_7_Solution\Debug\vc100.pdb'; linking object as if no debug info
freeglut_static_vs2010_d.lib(freeglut_callbacks.obj) : warning LNK4099: PDB 'vc100.pdb' was not found with 'freeglut_static_vs2010_d.lib(freeglut_callbacks.obj)' or at 'C:\Users\Emaude\Documents\GAM531\Lab_7_Solution\Debug\vc100.pdb'; linking object as if no debug info
freeglut_static_vs2010_d.lib(freeglut_cursor.obj) : warning LNK4099: PDB 'vc100.pdb' was not found with 'freeglut_static_vs2010_d.lib(freeglut_cursor.obj)' or at 'C:\Users\Emaude\Documents\GAM531\Lab_7_Solution\Debug\vc100.pdb'; linking object as if no debug info
freeglut_static_vs2010_d.lib(freeglut_display.obj) : warning LNK4099: PDB 'vc100.pdb' was not found with 'freeglut_static_vs2010_d.lib(freeglut_display.obj)' or at 'C:\Users\Emaude\Documents\GAM531\Lab_7_Solution\Debug\vc100.pdb'; linking object as if no debug info
freeglut_static_vs2010_d.lib(freeglut_font.obj) : warning LNK4099: PDB 'vc100.pdb' was not found with 'freeglut_static_vs2010_d.lib(freeglut_font.obj)' or at 'C:\Users\Emaude\Documents\GAM531\Lab_7_Solution\Debug\vc100.pdb'; linking object as if no debug info
freeglut_static_vs2010_d.lib(freeglut_font_data.obj) : warning LNK4099: PDB 'vc100.pdb' was not found with 'freeglut_static_vs2010_d.lib(freeglut_font_data.obj)' or at 'C:\Users\Emaude\Documents\GAM531\Lab_7_Solution\Debug\vc100.pdb'; linking object as if no debug info
freeglut_static_vs2010_d.lib(freeglut_init.obj) : warning LNK4099: PDB 'vc100.pdb' was not found with 'freeglut_static_vs2010_d.lib(freeglut_init.obj)' or at 'C:\Users\Emaude\Documents\GAM531\Lab_7_Solution\Debug\vc100.pdb'; linking object as if no debug info
freeglut_static_vs2010_d.lib(freeglut_input_devices.obj) : warning LNK4099: PDB 'vc100.pdb' was not found with 'freeglut_static_vs2010_d.lib(freeglut_input_devices.obj)' or at 'C:\Users\Emaude\Documents\GAM531\Lab_7_Solution\Debug\vc100.pdb'; linking object as if no debug info
freeglut_static_vs2010_d.lib(freeglut_joystick.obj) : warning LNK4099: PDB 'vc100.pdb' was not found with 'freeglut_static_vs2010_d.lib(freeglut_joystick.obj)' or at 'C:\Users\Emaude\Documents\GAM531\Lab_7_Solution\Debug\vc100.pdb'; linking object as if no debug info
freeglut_static_vs2010_d.lib(freeglut_main.obj) : warning LNK4099: PDB 'vc100.pdb' was not found with 'freeglut_static_vs2010_d.lib(freeglut_main.obj)' or at 'C:\Users\Emaude\Documents\GAM531\Lab_7_Solution\Debug\vc100.pdb'; linking object as if no debug info
freeglut_static_vs2010_d.lib(freeglut_menu.obj) : warning LNK4099: PDB 'vc100.pdb' was not found with 'freeglut_static_vs2010_d.lib(freeglut_menu.obj)' or at 'C:\Users\Emaude\Documents\GAM531\Lab_7_Solution\Debug\vc100.pdb'; linking object as if no debug info
freeglut_static_vs2010_d.lib(freeglut_spaceball.obj) : warning LNK4099: PDB 'vc100.pdb' was not found with 'freeglut_static_vs2010_d.lib(freeglut_spaceball.obj)' or at 'C:\Users\Emaude\Documents\GAM531\Lab_7_Solution\Debug\vc100.pdb'; linking object as if no debug info
freeglut_static_vs2010_d.lib(freeglut_state.obj) : warning LNK4099: PDB 'vc100.pdb' was not found with 'freeglut_static_vs2010_d.lib(freeglut_state.obj)' or at 'C:\Users\Emaude\Documents\GAM531\Lab_7_Solution\Debug\vc100.pdb'; linking object as if no debug info
freeglut_static_vs2010_d.lib(freeglut_stroke_mono_roman.obj) : warning LNK4099: PDB 'vc100.pdb' was not found with 'freeglut_static_vs2010_d.lib(freeglut_stroke_mono_roman.obj)' or at 'C:\Users\Emaude\Documents\GAM531\Lab_7_Solution\Debug\vc100.pdb'; linking object as if no debug info
freeglut_static_vs2010_d.lib(freeglut_stroke_roman.obj) : warning LNK4099: PDB 'vc100.pdb' was not found with 'freeglut_static_vs2010_d.lib(freeglut_stroke_roman.obj)' or at 'C:\Users\Emaude\Documents\GAM531\Lab_7_Solution\Debug\vc100.pdb'; linking object as if no debug info
freeglut_static_vs2010_d.lib(freeglut_structure.obj) : warning LNK4099: PDB 'vc100.pdb' was not found with 'freeglut_static_vs2010_d.lib(freeglut_structure.obj)' or at 'C:\Users\Emaude\Documents\GAM531\Lab_7_Solution\Debug\vc100.pdb'; linking object as if no debug info
freeglut_static_vs2010_d.lib(freeglut_window.obj) : warning LNK4099: PDB 'vc100.pdb' was not found with 'freeglut_static_vs2010_d.lib(freeglut_window.obj)' or at 'C:\Users\Emaude\Documents\GAM531\Lab_7_Solution\Debug\vc100.pdb'; linking object as if no debug info
  FirstExample.vcxproj -> C:\Users\Emaude\Documents\GAM531\Lab_7_Solution\Debug\Lab_7_Solution.exe
